> Task :app:preBuild UP-TO-DATE
> Task :app:preDebugBuild UP-TO-DATE
> Task :app:mergeDebugNativeDebugMetadata NO-SOURCE
> Task :app:checkKotlinGradlePluginConfigurationErrors
> Task :app:generateDebugBuildConfig UP-TO-DATE
> Task :app:checkDebugAarMetadata FAILED

FAILURE: Build failed with an exception.

* What went wrong:
Execution failed for task ':app:checkDebugAarMetadata'.
> Configuration `:app:debugRuntimeClasspath` contains AndroidX dependencies, but the `android.useAndroidX` property is not enabled, which may cause runtime issues.
  Set `android.useAndroidX=true` in the `gradle.properties` file and retry.
  The following AndroidX dependencies are detected:
  :app:debugRuntimeClasspath -> androidx.core:core-ktx:1.12.0
  :app:debugRuntimeClasspath -> androidx.navigation:navigation-compose:2.7.7 -> androidx.navigation:navigation-runtime-ktx:2.7.7 -> androidx.navigation:navigation-common-ktx:2.7.7 -> androidx.navigation:navigation-runtime:2.7.7 -> androidx.navigation:navigation-common:2.7.7 -> androidx.annotation:annotation:1.7.0
  :app:debugRuntimeClasspath -> androidx.navigation:navigation-compose:2.7.7 -> androidx.navigation:navigation-runtime-ktx:2.7.7 -> androidx.navigation:navigation-common-ktx:2.7.7 -> androidx.navigation:navigation-runtime:2.7.7 -> androidx.navigation:navigation-common:2.7.7 -> androidx.annotation:annotation:1.7.0 -> androidx.annotation:annotation-jvm:1.7.0
  :app:debugRuntimeClasspath -> androidx.work:work-runtime-ktx:2.9.0 -> androidx.work:work-runtime:2.9.0 -> androidx.core:core:1.12.0
  :app:debugRuntimeClasspath -> androidx.work:work-runtime-ktx:2.9.0 -> androidx.work:work-runtime:2.9.0 -> androidx.annotation:annotation-experimental:1.4.0
  :app:debugRuntimeClasspath -> androidx.navigation:navigation-compose:2.7.7 -> androidx.navigation:navigation-runtime-ktx:2.7.7 -> androidx.navigation:navigation-common-ktx:2.7.7 -> androidx.navigation:navigation-common:2.7.7 -> androidx.navigation:navigation-runtime:2.7.7 -> androidx.collection:collection:1.4.0
  :app:debugRuntimeClasspath -> androidx.navigation:navigation-compose:2.7.7 -> androidx.navigation:navigation-runtime-ktx:2.7.7 -> androidx.navigation:navigation-common-ktx:2.7.7 -> androidx.navigation:navigation-common:2.7.7 -> androidx.navigation:navigation-runtime:2.7.7 -> androidx.collection:collection:1.4.0 -> androidx.collection:collection-jvm:1.4.0
  :app:debugRuntimeClasspath -> androidx.navigation:navigation-compose:2.7.7 -> androidx.navigation:navigation-runtime-ktx:2.7.7 -> androidx.navigation:navigation-common-ktx:2.7.7 -> androidx.navigation:navigation-runtime:2.7.7 -> androidx.navigation:navigation-common:2.7.7 -> androidx.collection:collection-ktx:1.4.0
  :app:debugRuntimeClasspath -> androidx.work:work-runtime-ktx:2.9.0 -> androidx.work:work-runtime:2.9.0 -> androidx.core:core:1.12.0 -> androidx.concurrent:concurrent-futures:1.1.0
  :app:debugRuntimeClasspath -> androidx.work:work-runtime-ktx:2.9.0 -> androidx.work:work-runtime:2.9.0 -> androidx.core:core:1.12.0 -> androidx.interpolator:interpolator:1.0.0
  :app:debugRuntimeClasspath -> androidx.navigation:navigation-compose:2.7.7 -> androidx.navigation:navigation-runtime-ktx:2.7.7 -> androidx.navigation:navigation-common-ktx:2.7.7 -> androidx.navigation:navigation-common:2.7.7 -> androidx.navigation:navigation-runtime:2.7.7 -> androidx.activity:activity-ktx:1.8.2 -> androidx.activity:activity:1.8.2 -> androidx.lifecycle:lifecycle-runtime:2.7.0
  :app:debugRuntimeClasspath -> androidx.compose:compose-bom:2024.02.00 -> androidx.compose.foundation:foundation-android:1.6.1 -> androidx.emoji2:emoji2:1.3.0 -> androidx.lifecycle:lifecycle-process:2.7.0 -> androidx.lifecycle:lifecycle-livedata-core:2.7.0 -> androidx.arch.core:core-common:2.2.0
  :app:debugRuntimeClasspath -> androidx.compose:compose-bom:2024.02.00 -> androidx.compose.foundation:foundation-android:1.6.1 -> androidx.emoji2:emoji2:1.3.0 -> androidx.lifecycle:lifecycle-process:2.7.0 -> androidx.lifecycle:lifecycle-livedata-core:2.7.0 -> androidx.arch.core:core-runtime:2.2.0
  :app:debugRuntimeClasspath -> androidx.navigation:navigation-compose:2.7.7 -> androidx.navigation:navigation-runtime-ktx:2.7.7 -> androidx.navigation:navigation-common-ktx:2.7.7 -> androidx.navigation:navigation-runtime:2.7.7 -> androidx.navigation:navigation-common:2.7.7 -> androidx.lifecycle:lifecycle-common:2.7.0
  :app:debugRuntimeClasspath -> androidx.compose:compose-bom:2024.02.00 -> androidx.compose.material3:material3-android:1.2.0 -> androidx.lifecycle:lifecycle-common-java8:2.7.0
  :app:debugRuntimeClasspath -> androidx.work:work-runtime-ktx:2.9.0 -> androidx.work:work-runtime:2.9.0 -> androidx.lifecycle:lifecycle-livedata:2.7.0
  :app:debugRuntimeClasspath -> androidx.compose:compose-bom:2024.02.00 -> androidx.compose.foundation:foundation-android:1.6.1 -> androidx.emoji2:emoji2:1.3.0 -> androidx.lifecycle:lifecycle-process:2.7.0 -> androidx.lifecycle:lifecycle-livedata-core:2.7.0
  :app:debugRuntimeClasspath -> androidx.compose:compose-bom:2024.02.00 -> androidx.compose.foundation:foundation-android:1.6.1 -> androidx.emoji2:emoji2:1.3.0 -> androidx.lifecycle:lifecycle-process:2.7.0 -> androidx.lifecycle:lifecycle-livedata-core-ktx:2.7.0
  :app:debugRuntimeClasspath -> androidx.lifecycle:lifecycle-runtime-ktx:2.7.0
  :app:debugRuntimeClasspath -> androidx.navigation:navigation-compose:2.7.7 -> androidx.navigation:navigation-runtime-ktx:2.7.7 -> androidx.navigation:navigation-common-ktx:2.7.7 -> androidx.navigation:navigation-common:2.7.7 -> androidx.navigation:navigation-runtime:2.7.7 -> androidx.activity:activity-ktx:1.8.2 -> androidx.activity:activity:1.8.2 -> androidx.lifecycle:lifecycle-viewmodel:2.7.0
  :app:debugRuntimeClasspath -> androidx.navigation:navigation-compose:2.7.7 -> androidx.lifecycle:lifecycle-viewmodel-compose:2.7.0
  :app:debugRuntimeClasspath -> androidx.compose:compose-bom:2024.02.00 -> androidx.compose.runtime:runtime:1.6.1
  :app:debugRuntimeClasspath -> androidx.compose:compose-bom:2024.02.00 -> androidx.compose.runtime:runtime-android:1.6.1
  :app:debugRuntimeClasspath -> androidx.compose:compose-bom:2024.02.00 -> androidx.compose.runtime:runtime-saveable:1.6.1
  :app:debugRuntimeClasspath -> androidx.compose:compose-bom:2024.02.00 -> androidx.compose.runtime:runtime-saveable-android:1.6.1
  :app:debugRuntimeClasspath -> androidx.compose.ui:ui:1.6.1
  :app:debugRuntimeClasspath -> androidx.compose:compose-bom:2024.02.00 -> androidx.compose.ui:ui-android:1.6.1
  :app:debugRuntimeClasspath -> androidx.navigation:navigation-compose:2.7.7 -> androidx.navigation:navigation-runtime-ktx:2.7.7 -> androidx.navigation:navigation-common-ktx:2.7.7 -> androidx.navigation:navigation-common:2.7.7 -> androidx.navigation:navigation-runtime:2.7.7 -> androidx.activity:activity-ktx:1.8.2
  :app:debugRuntimeClasspath -> androidx.navigation:navigation-compose:2.7.7 -> androidx.navigation:navigation-runtime-ktx:2.7.7 -> androidx.navigation:navigation-common-ktx:2.7.7 -> androidx.navigation:navigation-common:2.7.7 -> androidx.navigation:navigation-runtime:2.7.7 -> androidx.activity:activity-ktx:1.8.2 -> androidx.activity:activity:1.8.2
  :app:debugRuntimeClasspath -> androidx.navigation:navigation-compose:2.7.7 -> androidx.navigation:navigation-runtime-ktx:2.7.7 -> androidx.navigation:navigation-common-ktx:2.7.7 -> androidx.navigation:navigation-runtime:2.7.7 -> androidx.navigation:navigation-common:2.7.7 -> androidx.lifecycle:lifecycle-viewmodel-savedstate:2.7.0
  :app:debugRuntimeClasspath -> androidx.navigation:navigation-compose:2.7.7 -> androidx.navigation:navigation-runtime-ktx:2.7.7 -> androidx.navigation:navigation-common-ktx:2.7.7 -> androidx.navigation:navigation-common:2.7.7 -> androidx.navigation:navigation-runtime:2.7.7 -> androidx.activity:activity-ktx:1.8.2 -> androidx.activity:activity:1.8.2 -> androidx.savedstate:savedstate:1.2.1
  :app:debugRuntimeClasspath -> androidx.navigation:navigation-compose:2.7.7 -> androidx.navigation:navigation-runtime-ktx:2.7.7 -> androidx.navigation:navigation-common-ktx:2.7.7 -> androidx.navigation:navigation-runtime:2.7.7 -> androidx.navigation:navigation-common:2.7.7 -> androidx.savedstate:savedstate-ktx:1.2.1
  :app:debugRuntimeClasspath -> androidx.work:work-runtime-ktx:2.9.0 -> androidx.work:work-runtime:2.9.0 -> androidx.lifecycle:lifecycle-service:2.7.0
  :app:debugRuntimeClasspath -> androidx.navigation:navigation-compose:2.7.7 -> androidx.navigation:navigation-runtime-ktx:2.7.7 -> androidx.navigation:navigation-common-ktx:2.7.7 -> androidx.navigation:navigation-runtime:2.7.7 -> androidx.navigation:navigation-common:2.7.7 -> androidx.lifecycle:lifecycle-viewmodel-ktx:2.7.0
  :app:debugRuntimeClasspath -> androidx.compose:compose-bom:2024.02.00 -> androidx.compose.foundation:foundation-android:1.6.1 -> androidx.emoji2:emoji2:1.3.0 -> androidx.lifecycle:lifecycle-process:2.7.0
  :app:debugRuntimeClasspath -> androidx.work:work-runtime-ktx:2.9.0 -> androidx.work:work-runtime:2.9.0 -> androidx.startup:startup-runtime:1.1.1
  :app:debugRuntimeClasspath -> androidx.navigation:navigation-compose:2.7.7 -> androidx.navigation:navigation-runtime-ktx:2.7.7 -> androidx.navigation:navigation-common-ktx:2.7.7 -> androidx.navigation:navigation-common:2.7.7 -> androidx.navigation:navigation-runtime:2.7.7 -> androidx.activity:activity-ktx:1.8.2 -> androidx.activity:activity:1.8.2 -> androidx.tracing:tracing:1.0.0
  :app:debugRuntimeClasspath -> androidx.navigation:navigation-compose:2.7.7 -> androidx.navigation:navigation-runtime-ktx:2.7.7 -> androidx.navigation:navigation-common-ktx:2.7.7 -> androidx.navigation:navigation-runtime:2.7.7 -> androidx.navigation:navigation-common:2.7.7 -> androidx.profileinstaller:profileinstaller:1.3.0
  :app:debugRuntimeClasspath -> androidx.activity:activity-compose:1.8.2
  :app:debugRuntimeClasspath -> androidx.compose:compose-bom:2024.02.00 -> androidx.compose.ui:ui-android:1.6.1 -> androidx.autofill:autofill:1.0.0
  :app:debugRuntimeClasspath -> androidx.compose:compose-bom:2024.02.00 -> androidx.compose.ui:ui-geometry:1.6.1
  :app:debugRuntimeClasspath -> androidx.compose:compose-bom:2024.02.00 -> androidx.compose.ui:ui-geometry-android:1.6.1
  :app:debugRuntimeClasspath -> androidx.compose:compose-bom:2024.02.00 -> androidx.compose.ui:ui-util:1.6.1
  :app:debugRuntimeClasspath -> androidx.compose:compose-bom:2024.02.00 -> androidx.compose.ui:ui-util-android:1.6.1
  :app:debugRuntimeClasspath -> androidx.compose:compose-bom:2024.02.00 -> androidx.compose.ui:ui-graphics:1.6.1
  :app:debugRuntimeClasspath -> androidx.compose:compose-bom:2024.02.00 -> androidx.compose.ui:ui-graphics-android:1.6.1
  :app:debugRuntimeClasspath -> androidx.compose:compose-bom:2024.02.00 -> androidx.compose.ui:ui-unit:1.6.1
  :app:debugRuntimeClasspath -> androidx.compose:compose-bom:2024.02.00 -> androidx.compose.ui:ui-unit-android:1.6.1
  :app:debugRuntimeClasspath -> androidx.compose:compose-bom:2024.02.00 -> androidx.compose.ui:ui-text:1.6.1
  :app:debugRuntimeClasspath -> androidx.compose:compose-bom:2024.02.00 -> androidx.compose.ui:ui-text-android:1.6.1
  :app:debugRuntimeClasspath -> androidx.compose:compose-bom:2024.02.00 -> androidx.compose.foundation:foundation-android:1.6.1 -> androidx.emoji2:emoji2:1.3.0
  :app:debugRuntimeClasspath -> androidx.compose:compose-bom:2024.02.00 -> androidx.compose.ui:ui-android:1.6.1 -> androidx.customview:customview-poolingcontainer:1.0.0
  :app:debugRuntimeClasspath -> androidx.compose:compose-bom:2024.02.00 -> androidx.compose.foundation:foundation:1.6.1
  :app:debugRuntimeClasspath -> androidx.compose:compose-bom:2024.02.00 -> androidx.compose.foundation:foundation-android:1.6.1
  :app:debugRuntimeClasspath -> androidx.compose:compose-bom:2024.02.00 -> androidx.compose.animation:animation:1.6.1
  :app:debugRuntimeClasspath -> androidx.compose:compose-bom:2024.02.00 -> androidx.compose.animation:animation-android:1.6.1
  :app:debugRuntimeClasspath -> androidx.compose:compose-bom:2024.02.00 -> androidx.compose.animation:animation-core:1.6.1
  :app:debugRuntimeClasspath -> androidx.compose:compose-bom:2024.02.00 -> androidx.compose.animation:animation-core-android:1.6.1
  :app:debugRuntimeClasspath -> androidx.compose:compose-bom:2024.02.00 -> androidx.compose.foundation:foundation-layout:1.6.1
  :app:debugRuntimeClasspath -> androidx.compose:compose-bom:2024.02.00 -> androidx.compose.foundation:foundation-layout-android:1.6.1
  :app:debugRuntimeClasspath -> androidx.work:work-runtime-ktx:2.9.0 -> androidx.work:work-runtime:2.9.0 -> androidx.core:core:1.12.0 -> androidx.versionedparcelable:versionedparcelable:1.1.1
  :app:debugRuntimeClasspath -> androidx.compose:compose-bom:2024.02.00
  :app:debugRuntimeClasspath -> androidx.compose.material:material-icons-extended:1.6.1
  :app:debugRuntimeClasspath -> androidx.compose:compose-bom:2024.02.00 -> androidx.compose.material:material-icons-extended-android:1.6.1
  :app:debugRuntimeClasspath -> androidx.compose:compose-bom:2024.02.00 -> androidx.compose.material:material-icons-core:1.6.1
  :app:debugRuntimeClasspath -> androidx.compose:compose-bom:2024.02.00 -> androidx.compose.material:material-icons-core-android:1.6.1
  :app:debugRuntimeClasspath -> androidx.compose:compose-bom:2024.02.00 -> androidx.compose.material:material-ripple:1.6.1
  :app:debugRuntimeClasspath -> androidx.compose:compose-bom:2024.02.00 -> androidx.compose.material:material-ripple-android:1.6.1
  :app:debugRuntimeClasspath -> androidx.compose.material3:material3:1.2.0
  :app:debugRuntimeClasspath -> androidx.compose:compose-bom:2024.02.00 -> androidx.compose.material3:material3-android:1.2.0
  :app:debugRuntimeClasspath -> androidx.navigation:navigation-compose:2.7.7
  :app:debugRuntimeClasspath -> androidx.navigation:navigation-compose:2.7.7 -> androidx.navigation:navigation-common-ktx:2.7.7 -> androidx.navigation:navigation-runtime:2.7.7 -> androidx.navigation:navigation-common:2.7.7 -> androidx.navigation:navigation-runtime-ktx:2.7.7
  :app:debugRuntimeClasspath -> androidx.navigation:navigation-compose:2.7.7 -> androidx.navigation:navigation-runtime-ktx:2.7.7 -> androidx.navigation:navigation-runtime:2.7.7 -> androidx.navigation:navigation-common:2.7.7 -> androidx.navigation:navigation-common-ktx:2.7.7
  :app:debugRuntimeClasspath -> androidx.navigation:navigation-compose:2.7.7 -> androidx.navigation:navigation-runtime-ktx:2.7.7 -> androidx.navigation:navigation-common-ktx:2.7.7 -> androidx.navigation:navigation-runtime:2.7.7 -> androidx.navigation:navigation-common:2.7.7
  :app:debugRuntimeClasspath -> androidx.navigation:navigation-compose:2.7.7 -> androidx.navigation:navigation-runtime-ktx:2.7.7 -> androidx.navigation:navigation-common-ktx:2.7.7 -> androidx.navigation:navigation-common:2.7.7 -> androidx.navigation:navigation-runtime:2.7.7
  :app:debugRuntimeClasspath -> androidx.work:work-runtime-ktx:2.9.0
  :app:debugRuntimeClasspath -> androidx.work:work-runtime-ktx:2.9.0 -> androidx.work:work-runtime:2.9.0
  :app:debugRuntimeClasspath -> androidx.room:room-ktx:2.6.1
  :app:debugRuntimeClasspath -> androidx.room:room-runtime:2.6.1 -> androidx.room:room-common:2.6.1
  :app:debugRuntimeClasspath -> androidx.room:room-runtime:2.6.1
  :app:debugRuntimeClasspath -> androidx.room:room-runtime:2.6.1 -> androidx.sqlite:sqlite:2.4.0
  :app:debugRuntimeClasspath -> androidx.work:work-runtime-ktx:2.9.0 -> androidx.work:work-runtime:2.9.0 -> androidx.sqlite:sqlite-framework:2.4.0
  :app:debugRuntimeClasspath -> androidx.datastore:datastore-preferences:1.0.0
  :app:debugRuntimeClasspath -> androidx.datastore:datastore-preferences:1.0.0 -> androidx.datastore:datastore:1.0.0
  :app:debugRuntimeClasspath -> androidx.datastore:datastore-preferences:1.0.0 -> androidx.datastore:datastore:1.0.0 -> androidx.datastore:datastore-core:1.0.0
  :app:debugRuntimeClasspath -> androidx.datastore:datastore-preferences:1.0.0 -> androidx.datastore:datastore-preferences-core:1.0.0
  :app:debugRuntimeClasspath -> androidx.security:security-crypto:1.1.0-alpha06

* Try:
> Run with --stacktrace option to get the stack trace.
> Run with --info or --debug option to get more log output.
> Run with --scan to get full insights.
> Get more help at https://help.gradle.org.

Deprecated Gradle features were used in this build, making it incompatible with Gradle 9.0.

You can use '--warning-mode all' to show the individual deprecation warnings and determine if they come from your own scripts or plugins.

For more on this, please refer to https://docs.gradle.org/8.8/userguide/command_line_interface.html#sec:command_line_warnings in the Gradle documentation.

BUILD FAILED in 1s
3 actionable tasks: 2 executed, 1 up-to-date
